{"C:\\Users\\Kevo\\Documents\\GitHub\\songsAPI\\src\\middlewares\\log.middleware.ts": {"path":"C:\\Users\\Kevo\\Documents\\GitHub\\songsAPI\\src\\middlewares\\log.middleware.ts","statementMap":{"0":{"start":{"line":3,"column":22},"end":{"line":18,"column":1}},"1":{"start":{"line":5,"column":19},"end":{"line":5,"column":50}},"2":{"start":{"line":8,"column":2},"end":{"line":15,"column":3}},"3":{"start":{"line":9,"column":4},"end":{"line":9,"column":56}},"4":{"start":{"line":10,"column":4},"end":{"line":10,"column":64}},"5":{"start":{"line":11,"column":4},"end":{"line":11,"column":58}},"6":{"start":{"line":13,"column":9},"end":{"line":15,"column":3}},"7":{"start":{"line":14,"column":4},"end":{"line":14,"column":75}},"8":{"start":{"line":17,"column":2},"end":{"line":17,"column":9}},"9":{"start":{"line":20,"column":9},"end":{"line":20,"column":22}}},"fnMap":{"0":{"name":"(anonymous_0)","decl":{"start":{"line":3,"column":22},"end":{"line":3,"column":23}},"loc":{"start":{"line":3,"column":70},"end":{"line":18,"column":1}}}},"branchMap":{"0":{"loc":{"start":{"line":5,"column":19},"end":{"line":5,"column":50}},"type":"binary-expr","locations":[{"start":{"line":5,"column":19},"end":{"line":5,"column":40}},{"start":{"line":5,"column":44},"end":{"line":5,"column":50}}]},"1":{"loc":{"start":{"line":8,"column":2},"end":{"line":15,"column":3}},"type":"if","locations":[{"start":{"line":8,"column":2},"end":{"line":15,"column":3}},{"start":{"line":13,"column":9},"end":{"line":15,"column":3}}]},"2":{"loc":{"start":{"line":13,"column":9},"end":{"line":15,"column":3}},"type":"if","locations":[{"start":{"line":13,"column":9},"end":{"line":15,"column":3}}]}},"s":{"0":2,"1":7,"2":7,"3":0,"4":0,"5":0,"6":7,"7":0,"8":7,"9":2},"f":{"0":7},"b":{"0":[7,0],"1":[0,7],"2":[0]}}
,"C:\\Users\\Kevo\\Documents\\GitHub\\songsAPI\\src\\songs\\song.app.ts": {"path":"C:\\Users\\Kevo\\Documents\\GitHub\\songsAPI\\src\\songs\\song.app.ts","statementMap":{"0":{"start":{"line":1,"column":0},"end":{"line":1,"column":23}},"1":{"start":{"line":2,"column":0},"end":{"line":2,"column":60}},"2":{"start":{"line":3,"column":0},"end":{"line":3,"column":58}},"3":{"start":{"line":5,"column":12},"end":{"line":5,"column":21}},"4":{"start":{"line":6,"column":0},"end":{"line":6,"column":16}},"5":{"start":{"line":7,"column":0},"end":{"line":7,"column":24}},"6":{"start":{"line":9,"column":13},"end":{"line":9,"column":42}}},"fnMap":{},"branchMap":{},"s":{"0":1,"1":1,"2":1,"3":1,"4":1,"5":1,"6":1},"f":{},"b":{}}
,"C:\\Users\\Kevo\\Documents\\GitHub\\songsAPI\\src\\songs\\infraestructure\\db\\mongo.ts": {"path":"C:\\Users\\Kevo\\Documents\\GitHub\\songsAPI\\src\\songs\\infraestructure\\db\\mongo.ts","statementMap":{"0":{"start":{"line":1,"column":0},"end":{"line":1,"column":35}},"1":{"start":{"line":3,"column":15},"end":{"line":3,"column":38}},"2":{"start":{"line":5,"column":15},"end":{"line":11,"column":2}},"3":{"start":{"line":7,"column":4},"end":{"line":7,"column":26}},"4":{"start":{"line":9,"column":4},"end":{"line":9,"column":17}},"5":{"start":{"line":13,"column":0},"end":{"line":13,"column":22}}},"fnMap":{"0":{"name":"(anonymous_13)","decl":{"start":{"line":5,"column":15},"end":{"line":5,"column":null}},"loc":{"start":{"line":5,"column":15},"end":{"line":11,"column":2}}}},"branchMap":{},"s":{"0":2,"1":2,"2":4,"3":4,"4":0,"5":2},"f":{"0":4},"b":{}}
,"C:\\Users\\Kevo\\Documents\\GitHub\\songsAPI\\src\\user\\user.app.ts": {"path":"C:\\Users\\Kevo\\Documents\\GitHub\\songsAPI\\src\\user\\user.app.ts","statementMap":{"0":{"start":{"line":1,"column":0},"end":{"line":1,"column":23}},"1":{"start":{"line":2,"column":0},"end":{"line":2,"column":58}},"2":{"start":{"line":3,"column":0},"end":{"line":3,"column":58}},"3":{"start":{"line":5,"column":12},"end":{"line":5,"column":21}},"4":{"start":{"line":6,"column":0},"end":{"line":6,"column":16}},"5":{"start":{"line":7,"column":0},"end":{"line":7,"column":24}},"6":{"start":{"line":9,"column":13},"end":{"line":9,"column":42}}},"fnMap":{},"branchMap":{},"s":{"0":2,"1":2,"2":2,"3":2,"4":2,"5":2,"6":2},"f":{},"b":{}}
,"C:\\Users\\Kevo\\Documents\\GitHub\\songsAPI\\src\\user\\infrastructure\\controller\\user.ctrl.ts": {"path":"C:\\Users\\Kevo\\Documents\\GitHub\\songsAPI\\src\\user\\infrastructure\\controller\\user.ctrl.ts","statementMap":{"0":{"start":{"line":2,"column":0},"end":{"line":2,"column":58}},"1":{"start":{"line":3,"column":0},"end":{"line":3,"column":60}},"2":{"start":{"line":5,"column":0},"end":{"line":5,"column":61}},"3":{"start":{"line":6,"column":0},"end":{"line":6,"column":63}},"4":{"start":{"line":8,"column":0},"end":{"line":8,"column":13}},"5":{"start":{"line":9,"column":22},"end":{"line":9,"column":46}},"6":{"start":{"line":10,"column":4},"end":{"line":10,"column":49}},"7":{"start":{"line":11,"column":4},"end":{"line":11,"column":43}},"8":{"start":{"line":12,"column":4},"end":{"line":12,"column":47}},"9":{"start":{"line":15,"column":15},"end":{"line":19,"column":null}},"10":{"start":{"line":15,"column":30},"end":{"line":15,"column":41}},"11":{"start":{"line":16,"column":12},"end":{"line":16,"column":26}},"12":{"start":{"line":17,"column":17},"end":{"line":17,"column":null}},"13":{"start":{"line":17,"column":10},"end":{"line":17,"column":null}},"14":{"start":{"line":18,"column":4},"end":{"line":18,"column":19}},"15":{"start":{"line":21,"column":15},"end":{"line":33,"column":null}},"16":{"start":{"line":21,"column":32},"end":{"line":21,"column":43}},"17":{"start":{"line":22,"column":12},"end":{"line":22,"column":22}},"18":{"start":{"line":23,"column":10},"end":{"line":23,"column":48}},"19":{"start":{"line":24,"column":4},"end":{"line":28,"column":5}},"20":{"start":{"line":25,"column":6},"end":{"line":27,"column":63}},"21":{"start":{"line":29,"column":23},"end":{"line":29,"column":null}},"22":{"start":{"line":29,"column":10},"end":{"line":29,"column":null}},"23":{"start":{"line":30,"column":4},"end":{"line":30,"column":77}},"24":{"start":{"line":30,"column":20},"end":{"line":30,"column":77}},"25":{"start":{"line":31,"column":15},"end":{"line":31,"column":null}},"26":{"start":{"line":31,"column":8},"end":{"line":31,"column":null}},"27":{"start":{"line":32,"column":4},"end":{"line":32,"column":19}},"28":{"start":{"line":35,"column":15},"end":{"line":57,"column":null}},"29":{"start":{"line":35,"column":31},"end":{"line":35,"column":42}},"30":{"start":{"line":36,"column":12},"end":{"line":36,"column":32}},"31":{"start":{"line":37,"column":10},"end":{"line":37,"column":49}},"32":{"start":{"line":38,"column":4},"end":{"line":42,"column":5}},"33":{"start":{"line":39,"column":6},"end":{"line":41,"column":76}},"34":{"start":{"line":44,"column":23},"end":{"line":44,"column":null}},"35":{"start":{"line":44,"column":10},"end":{"line":44,"column":null}},"36":{"start":{"line":45,"column":4},"end":{"line":46,"column":71}},"37":{"start":{"line":46,"column":6},"end":{"line":46,"column":71}},"38":{"start":{"line":47,"column":10},"end":{"line":47,"column":45}},"39":{"start":{"line":48,"column":22},"end":{"line":48,"column":null}},"40":{"start":{"line":48,"column":10},"end":{"line":48,"column":null}},"41":{"start":{"line":49,"column":4},"end":{"line":50,"column":80}},"42":{"start":{"line":50,"column":6},"end":{"line":50,"column":80}},"43":{"start":{"line":51,"column":10},"end":{"line":51,"column":49}},"44":{"start":{"line":52,"column":10},"end":{"line":55,"column":6}},"45":{"start":{"line":56,"column":4},"end":{"line":56,"column":19}},"46":{"start":{"line":58,"column":0},"end":{"line":58,"column":null}},"47":{"start":{"line":8,"column":13},"end":{"line":8,"column":27}}},"fnMap":{"0":{"name":"(anonymous_13)","decl":{"start":{"line":8,"column":0},"end":{"line":8,"column":13}},"loc":{"start":{"line":8,"column":0},"end":{"line":58,"column":null}}},"1":{"name":"UserController","decl":{"start":{"line":9,"column":2},"end":{"line":9,"column":22}},"loc":{"start":{"line":9,"column":46},"end":{"line":13,"column":3}}},"2":{"name":"(anonymous_15)","decl":{"start":{"line":15,"column":2},"end":{"line":15,"column":15}},"loc":{"start":{"line":15,"column":2},"end":{"line":19,"column":null}}},"3":{"name":"(anonymous_18)","decl":{"start":{"line":21,"column":2},"end":{"line":21,"column":15}},"loc":{"start":{"line":21,"column":2},"end":{"line":33,"column":null}}},"4":{"name":"(anonymous_21)","decl":{"start":{"line":35,"column":2},"end":{"line":35,"column":15}},"loc":{"start":{"line":35,"column":2},"end":{"line":57,"column":null}}}},"branchMap":{"0":{"loc":{"start":{"line":16,"column":16},"end":{"line":16,"column":26}},"type":"cond-expr","locations":[{"start":{"line":16,"column":19},"end":{"line":16,"column":21}},{"start":{"line":16,"column":21},"end":{"line":16,"column":26}}]},"1":{"loc":{"start":{"line":24,"column":4},"end":{"line":28,"column":5}},"type":"if","locations":[{"start":{"line":24,"column":4},"end":{"line":28,"column":5}}]},"2":{"loc":{"start":{"line":30,"column":4},"end":{"line":30,"column":77}},"type":"if","locations":[{"start":{"line":30,"column":4},"end":{"line":30,"column":77}}]},"3":{"loc":{"start":{"line":38,"column":4},"end":{"line":42,"column":5}},"type":"if","locations":[{"start":{"line":38,"column":4},"end":{"line":42,"column":5}}]},"4":{"loc":{"start":{"line":45,"column":4},"end":{"line":46,"column":71}},"type":"if","locations":[{"start":{"line":45,"column":4},"end":{"line":46,"column":71}}]},"5":{"loc":{"start":{"line":49,"column":4},"end":{"line":50,"column":80}},"type":"if","locations":[{"start":{"line":49,"column":4},"end":{"line":50,"column":80}}]}},"s":{"0":2,"1":2,"2":2,"3":2,"4":2,"5":2,"6":2,"7":2,"8":2,"9":2,"10":0,"11":0,"12":0,"13":0,"14":0,"15":2,"16":0,"17":0,"18":0,"19":0,"20":0,"21":0,"22":0,"23":0,"24":0,"25":0,"26":0,"27":0,"28":2,"29":2,"30":2,"31":2,"32":2,"33":0,"34":2,"35":2,"36":2,"37":0,"38":2,"39":2,"40":2,"41":2,"42":0,"43":2,"44":2,"45":2,"46":2,"47":2},"f":{"0":2,"1":2,"2":0,"3":0,"4":2},"b":{"0":[0,0],"1":[0],"2":[0],"3":[0],"4":[0],"5":[0]}}
}
