{"/Users/kevinrenehernandez/Documents/GitHub/songsAPI/src/helpers/mongoose.helper.ts": {"path":"/Users/kevinrenehernandez/Documents/GitHub/songsAPI/src/helpers/mongoose.helper.ts","statementMap":{"0":{"start":{"line":1,"column":0},"end":{"line":1,"column":9}},"1":{"start":{"line":4,"column":9},"end":{"line":1,"column":17}},"2":{"start":{"line":4,"column":17},"end":{"line":1,"column":41}}},"fnMap":{"0":{"name":"(anonymous_0)","decl":{"start":{"line":4,"column":9},"end":{"line":4,"column":15}},"loc":{"start":{"line":4,"column":9},"end":{"line":1,"column":17}}},"1":{"name":"(anonymous_1)","decl":{"start":{"line":4,"column":17},"end":{"line":4,"column":22}},"loc":{"start":{"line":4,"column":17},"end":{"line":1,"column":41}}}},"branchMap":{},"s":{"0":1,"1":3,"2":3},"f":{"0":2,"1":2},"b":{}}
,"/Users/kevinrenehernandez/Documents/GitHub/songsAPI/src/middlewares/authorizer.middleware.ts": {"path":"/Users/kevinrenehernandez/Documents/GitHub/songsAPI/src/middlewares/authorizer.middleware.ts","statementMap":{"0":{"start":{"line":2,"column":0},"end":{"line":2,"column":52}},"1":{"start":{"line":4,"column":25},"end":{"line":27,"column":2}},"2":{"start":{"line":7,"column":28},"end":{"line":27,"column":2}},"3":{"start":{"line":9,"column":2},"end":{"line":26,"column":3}},"4":{"start":{"line":10,"column":10},"end":{"line":10,"column":44}},"5":{"start":{"line":11,"column":4},"end":{"line":11,"column":78}},"6":{"start":{"line":11,"column":16},"end":{"line":11,"column":78}},"7":{"start":{"line":12,"column":10},"end":{"line":12,"column":43}},"8":{"start":{"line":13,"column":10},"end":{"line":13,"column":24}},"9":{"start":{"line":14,"column":4},"end":{"line":17,"column":5}},"10":{"start":{"line":15,"column":6},"end":{"line":15,"column":22}},"11":{"start":{"line":16,"column":6},"end":{"line":16,"column":57}},"12":{"start":{"line":18,"column":10},"end":{"line":18,"column":45}},"13":{"start":{"line":19,"column":4},"end":{"line":19,"column":75}},"14":{"start":{"line":19,"column":17},"end":{"line":19,"column":75}},"15":{"start":{"line":20,"column":4},"end":{"line":20,"column":21}},"16":{"start":{"line":21,"column":4},"end":{"line":21,"column":19}},"17":{"start":{"line":23,"column":4},"end":{"line":23,"column":50}},"18":{"start":{"line":24,"column":4},"end":{"line":24,"column":20}},"19":{"start":{"line":25,"column":4},"end":{"line":25,"column":49}},"20":{"start":{"line":4,"column":13},"end":{"line":4,"column":25}}},"fnMap":{"0":{"name":"(anonymous_13)","decl":{"start":{"line":4,"column":25},"end":{"line":4,"column":null}},"loc":{"start":{"line":7,"column":28},"end":{"line":27,"column":2}}},"1":{"name":"(anonymous_14)","decl":{"start":{"line":7,"column":28},"end":{"line":7,"column":null}},"loc":{"start":{"line":7,"column":28},"end":{"line":27,"column":2}}}},"branchMap":{"0":{"loc":{"start":{"line":11,"column":4},"end":{"line":11,"column":78}},"type":"if","locations":[{"start":{"line":11,"column":4},"end":{"line":11,"column":78}}]},"1":{"loc":{"start":{"line":14,"column":4},"end":{"line":17,"column":5}},"type":"if","locations":[{"start":{"line":14,"column":4},"end":{"line":17,"column":5}}]},"2":{"loc":{"start":{"line":14,"column":8},"end":{"line":14,"column":19}},"type":"binary-expr","locations":[{"start":{"line":14,"column":8},"end":{"line":14,"column":12}},{"start":{"line":14,"column":16},"end":{"line":14,"column":19}}]},"3":{"loc":{"start":{"line":19,"column":4},"end":{"line":19,"column":75}},"type":"if","locations":[{"start":{"line":19,"column":4},"end":{"line":19,"column":75}}]}},"s":{"0":1,"1":1,"2":0,"3":0,"4":0,"5":0,"6":0,"7":0,"8":0,"9":0,"10":0,"11":0,"12":0,"13":0,"14":0,"15":0,"16":0,"17":0,"18":0,"19":0,"20":1},"f":{"0":0,"1":0},"b":{"0":[0],"1":[0],"2":[0,0],"3":[0]}}
,"/Users/kevinrenehernandez/Documents/GitHub/songsAPI/src/middlewares/log.middleware.ts": {"path":"/Users/kevinrenehernandez/Documents/GitHub/songsAPI/src/middlewares/log.middleware.ts","statementMap":{"0":{"start":{"line":3,"column":22},"end":{"line":18,"column":1}},"1":{"start":{"line":5,"column":19},"end":{"line":5,"column":50}},"2":{"start":{"line":8,"column":2},"end":{"line":15,"column":3}},"3":{"start":{"line":9,"column":4},"end":{"line":9,"column":56}},"4":{"start":{"line":10,"column":4},"end":{"line":10,"column":64}},"5":{"start":{"line":11,"column":4},"end":{"line":11,"column":58}},"6":{"start":{"line":13,"column":9},"end":{"line":15,"column":3}},"7":{"start":{"line":14,"column":4},"end":{"line":14,"column":75}},"8":{"start":{"line":17,"column":2},"end":{"line":17,"column":9}},"9":{"start":{"line":20,"column":9},"end":{"line":20,"column":22}}},"fnMap":{"0":{"name":"(anonymous_0)","decl":{"start":{"line":3,"column":22},"end":{"line":3,"column":23}},"loc":{"start":{"line":3,"column":70},"end":{"line":18,"column":1}}}},"branchMap":{"0":{"loc":{"start":{"line":5,"column":19},"end":{"line":5,"column":50}},"type":"binary-expr","locations":[{"start":{"line":5,"column":19},"end":{"line":5,"column":40}},{"start":{"line":5,"column":44},"end":{"line":5,"column":50}}]},"1":{"loc":{"start":{"line":8,"column":2},"end":{"line":15,"column":3}},"type":"if","locations":[{"start":{"line":8,"column":2},"end":{"line":15,"column":3}},{"start":{"line":13,"column":9},"end":{"line":15,"column":3}}]},"2":{"loc":{"start":{"line":13,"column":9},"end":{"line":15,"column":3}},"type":"if","locations":[{"start":{"line":13,"column":9},"end":{"line":15,"column":3}}]}},"s":{"0":1,"1":1,"2":1,"3":0,"4":0,"5":0,"6":1,"7":0,"8":1,"9":1},"f":{"0":1},"b":{"0":[1,0],"1":[0,1],"2":[0]}}
,"/Users/kevinrenehernandez/Documents/GitHub/songsAPI/src/songs/song.app.ts": {"path":"/Users/kevinrenehernandez/Documents/GitHub/songsAPI/src/songs/song.app.ts","statementMap":{"0":{"start":{"line":1,"column":0},"end":{"line":1,"column":23}},"1":{"start":{"line":2,"column":0},"end":{"line":2,"column":60}},"2":{"start":{"line":3,"column":0},"end":{"line":3,"column":58}},"3":{"start":{"line":5,"column":12},"end":{"line":5,"column":21}},"4":{"start":{"line":6,"column":0},"end":{"line":6,"column":16}},"5":{"start":{"line":7,"column":0},"end":{"line":7,"column":24}},"6":{"start":{"line":9,"column":13},"end":{"line":9,"column":42}}},"fnMap":{},"branchMap":{},"s":{"0":1,"1":1,"2":1,"3":1,"4":1,"5":1,"6":1},"f":{},"b":{}}
,"/Users/kevinrenehernandez/Documents/GitHub/songsAPI/src/songs/infraestructure/model/song.schema.ts": {"path":"/Users/kevinrenehernandez/Documents/GitHub/songsAPI/src/songs/infraestructure/model/song.schema.ts","statementMap":{"0":{"start":{"line":1,"column":0},"end":{"line":1,"column":65}},"1":{"start":{"line":3,"column":19},"end":{"line":33,"column":null}},"2":{"start":{"line":36,"column":0},"end":{"line":45,"column":3}},"3":{"start":{"line":38,"column":4},"end":{"line":38,"column":54}},"4":{"start":{"line":39,"column":4},"end":{"line":39,"column":30}},"5":{"start":{"line":40,"column":4},"end":{"line":40,"column":30}},"6":{"start":{"line":41,"column":4},"end":{"line":41,"column":36}},"7":{"start":{"line":42,"column":4},"end":{"line":42,"column":36}},"8":{"start":{"line":43,"column":4},"end":{"line":43,"column":31}},"9":{"start":{"line":48,"column":18},"end":{"line":48,"column":66}},"10":{"start":{"line":50,"column":0},"end":{"line":50,"column":25}}},"fnMap":{"0":{"name":"(anonymous_0)","decl":{"start":{"line":37,"column":13},"end":{"line":37,"column":14}},"loc":{"start":{"line":37,"column":39},"end":{"line":44,"column":3}}}},"branchMap":{},"s":{"0":1,"1":1,"2":1,"3":0,"4":0,"5":0,"6":0,"7":0,"8":0,"9":1,"10":1},"f":{"0":0},"b":{}}
,"/Users/kevinrenehernandez/Documents/GitHub/songsAPI/src/user/infrastructure/model/user.shchema.ts": {"path":"/Users/kevinrenehernandez/Documents/GitHub/songsAPI/src/user/infrastructure/model/user.shchema.ts","statementMap":{"0":{"start":{"line":1,"column":0},"end":{"line":1,"column":65}},"1":{"start":{"line":3,"column":19},"end":{"line":27,"column":null}},"2":{"start":{"line":32,"column":0},"end":{"line":39,"column":3}},"3":{"start":{"line":34,"column":4},"end":{"line":34,"column":54}},"4":{"start":{"line":35,"column":4},"end":{"line":35,"column":30}},"5":{"start":{"line":36,"column":4},"end":{"line":36,"column":30}},"6":{"start":{"line":37,"column":4},"end":{"line":37,"column":35}},"7":{"start":{"line":41,"column":18},"end":{"line":41,"column":66}},"8":{"start":{"line":43,"column":0},"end":{"line":43,"column":25}}},"fnMap":{"0":{"name":"(anonymous_0)","decl":{"start":{"line":33,"column":13},"end":{"line":33,"column":14}},"loc":{"start":{"line":33,"column":39},"end":{"line":38,"column":3}}}},"branchMap":{},"s":{"0":1,"1":1,"2":1,"3":0,"4":0,"5":0,"6":0,"7":1,"8":1},"f":{"0":0},"b":{}}
}
