TN:
SF:src/helpers/mongoose.helper.ts
FN:4,(anonymous_0)
FN:4,(anonymous_1)
FNF:2
FNH:2
FNDA:2,(anonymous_0)
FNDA:2,(anonymous_1)
DA:1,1
DA:4,3
LF:2
LH:2
BRF:0
BRH:0
end_of_record
TN:
SF:src/middlewares/authorizer.middleware.ts
FN:4,(anonymous_13)
FN:7,(anonymous_14)
FNF:2
FNH:0
FNDA:0,(anonymous_13)
FNDA:0,(anonymous_14)
DA:2,1
DA:4,1
DA:7,0
DA:9,0
DA:10,0
DA:11,0
DA:12,0
DA:13,0
DA:14,0
DA:15,0
DA:16,0
DA:18,0
DA:19,0
DA:20,0
DA:21,0
DA:23,0
DA:24,0
DA:25,0
LF:18
LH:2
BRDA:11,0,0,0
BRDA:14,1,0,0
BRDA:14,2,0,0
BRDA:14,2,1,0
BRDA:19,3,0,0
BRF:5
BRH:0
end_of_record
TN:
SF:src/middlewares/log.middleware.ts
FN:3,(anonymous_0)
FNF:1
FNH:1
FNDA:1,(anonymous_0)
DA:3,1
DA:5,1
DA:8,1
DA:9,0
DA:10,0
DA:11,0
DA:13,1
DA:14,0
DA:17,1
DA:20,1
LF:10
LH:6
BRDA:5,0,0,1
BRDA:5,0,1,0
BRDA:8,1,0,0
BRDA:8,1,1,1
BRDA:13,2,0,0
BRF:5
BRH:2
end_of_record
TN:
SF:src/songs/song.app.ts
FNF:0
FNH:0
DA:1,1
DA:2,1
DA:3,1
DA:5,1
DA:6,1
DA:7,1
DA:9,1
LF:7
LH:7
BRF:0
BRH:0
end_of_record
TN:
SF:src/songs/infraestructure/model/song.schema.ts
FN:37,(anonymous_0)
FNF:1
FNH:0
FNDA:0,(anonymous_0)
DA:1,1
DA:3,1
DA:36,1
DA:38,0
DA:39,0
DA:40,0
DA:41,0
DA:42,0
DA:43,0
DA:48,1
DA:50,1
LF:11
LH:5
BRF:0
BRH:0
end_of_record
TN:
SF:src/user/infrastructure/model/user.shchema.ts
FN:33,(anonymous_0)
FNF:1
FNH:0
FNDA:0,(anonymous_0)
DA:1,1
DA:3,1
DA:32,1
DA:34,0
DA:35,0
DA:36,0
DA:37,0
DA:41,1
DA:43,1
LF:9
LH:5
BRF:0
BRH:0
end_of_record
