TN:
SF:src\middlewares\log.middleware.ts
FN:3,(anonymous_0)
FNF:1
FNH:1
FNDA:7,(anonymous_0)
DA:3,2
DA:5,7
DA:8,7
DA:9,0
DA:10,0
DA:11,0
DA:13,7
DA:14,0
DA:17,7
DA:20,2
LF:10
LH:6
BRDA:5,0,0,7
BRDA:5,0,1,0
BRDA:8,1,0,0
BRDA:8,1,1,7
BRDA:13,2,0,0
BRF:5
BRH:2
end_of_record
TN:
SF:src\songs\song.app.ts
FNF:0
FNH:0
DA:1,1
DA:2,1
DA:3,1
DA:5,1
DA:6,1
DA:7,1
DA:9,1
LF:7
LH:7
BRF:0
BRH:0
end_of_record
TN:
SF:src\songs\infraestructure\db\mongo.ts
FN:5,(anonymous_13)
FNF:1
FNH:1
FNDA:4,(anonymous_13)
DA:1,2
DA:3,2
DA:5,4
DA:7,4
DA:9,0
DA:13,2
LF:6
LH:5
BRF:0
BRH:0
end_of_record
TN:
SF:src\user\user.app.ts
FNF:0
FNH:0
DA:1,2
DA:2,2
DA:3,2
DA:5,2
DA:6,2
DA:7,2
DA:9,2
LF:7
LH:7
BRF:0
BRH:0
end_of_record
TN:
SF:src\user\infrastructure\controller\user.ctrl.ts
FN:8,(anonymous_13)
FN:9,UserController
FN:15,(anonymous_15)
FN:21,(anonymous_18)
FN:35,(anonymous_21)
FNF:5
FNH:3
FNDA:2,(anonymous_13)
FNDA:2,UserController
FNDA:0,(anonymous_15)
FNDA:0,(anonymous_18)
FNDA:2,(anonymous_21)
DA:2,2
DA:3,2
DA:5,2
DA:6,2
DA:8,2
DA:9,2
DA:10,2
DA:11,2
DA:12,2
DA:15,2
DA:16,0
DA:17,0
DA:18,0
DA:21,2
DA:22,0
DA:23,0
DA:24,0
DA:25,0
DA:29,0
DA:30,0
DA:31,0
DA:32,0
DA:35,2
DA:36,2
DA:37,2
DA:38,2
DA:39,0
DA:44,2
DA:45,2
DA:46,0
DA:47,2
DA:48,2
DA:49,2
DA:50,0
DA:51,2
DA:52,2
DA:56,2
DA:58,2
LF:38
LH:24
BRDA:16,0,0,0
BRDA:16,0,1,0
BRDA:24,1,0,0
BRDA:30,2,0,0
BRDA:38,3,0,0
BRDA:45,4,0,0
BRDA:49,5,0,0
BRF:7
BRH:0
end_of_record
